d:\documents\github\esc-from-planet-x-3d\gameengine\gameengine\debug\vc143.pdb
d:\documents\github\esc-from-planet-x-3d\gameengine\gameengine\debug\vc143.idb
d:\documents\github\esc-from-planet-x-3d\gameengine\gameengine\debug\texture.obj
d:\documents\github\esc-from-planet-x-3d\gameengine\gameengine\debug\shader.obj
d:\documents\github\esc-from-planet-x-3d\gameengine\gameengine\debug\mesh.obj
d:\documents\github\esc-from-planet-x-3d\gameengine\gameengine\debug\meshloaderobj.obj
d:\documents\github\esc-from-planet-x-3d\gameengine\gameengine\debug\main.obj
d:\documents\github\esc-from-planet-x-3d\gameengine\gameengine\debug\window.obj
d:\documents\github\esc-from-planet-x-3d\gameengine\gameengine\debug\camera.obj
d:\documents\github\esc-from-planet-x-3d\gameengine\debug\gameengine.exe
d:\documents\github\esc-from-planet-x-3d\gameengine\debug\gameengine.pdb
d:\documents\github\esc-from-planet-x-3d\gameengine\gameengine\debug\gameengine.ilk
d:\documents\github\esc-from-planet-x-3d\gameengine\gameengine\debug\gameengine.tlog\cl.command.1.tlog
d:\documents\github\esc-from-planet-x-3d\gameengine\gameengine\debug\gameengine.tlog\cl.items.tlog
d:\documents\github\esc-from-planet-x-3d\gameengine\gameengine\debug\gameengine.tlog\cl.read.1.tlog
d:\documents\github\esc-from-planet-x-3d\gameengine\gameengine\debug\gameengine.tlog\cl.write.1.tlog
d:\documents\github\esc-from-planet-x-3d\gameengine\gameengine\debug\gameengine.tlog\link.command.1.tlog
d:\documents\github\esc-from-planet-x-3d\gameengine\gameengine\debug\gameengine.tlog\link.read.1.tlog
d:\documents\github\esc-from-planet-x-3d\gameengine\gameengine\debug\gameengine.tlog\link.secondary.1.tlog
d:\documents\github\esc-from-planet-x-3d\gameengine\gameengine\debug\gameengine.tlog\link.write.1.tlog
